[proxy] "GET / HTTP/1.1" 200 -
[proxy] "GET / HTTP/1.1" 200 -
[proxy] "GET / HTTP/1.1" 200 -
[proxy] "GET /imgs/bg4.jpg HTTP/1.1" 200 -
[proxy] "GET /imgs/bg1.jpg HTTP/1.1" 200 -
[proxy] "GET /imgs/bg3.jpg HTTP/1.1" 200 -
[proxy] "GET /imgs/bg2.jpg HTTP/1.1" 200 -
[proxy] "GET /imgs/design1.jpg HTTP/1.1" 200 -
[proxy] "GET /imgs/design2.jpg HTTP/1.1" 200 -
[proxy] "GET /imgs/design4.jpg HTTP/1.1" 200 -
[proxy] "GET /imgs/design3.jpg HTTP/1.1" 200 -
[proxy] "GET /imgs/design6.jpg HTTP/1.1" 200 -
[proxy] "GET /imgs/design5.jpg HTTP/1.1" 200 -
[proxy] "GET /music/%E8%B5%B7%E9%A3%8E%E4%BA%86%20-%20%E4%B9%B0%E8%BE%A3%E6%A4%92%E4%B9%9F%E7%94%A8%E5%88%B8.mp3 HTTP/1.1" 200 -
[proxy] "GET /music/%E8%93%9D%E8%8E%B2%E8%8A%B1%EF%BC%88%E7%8E%B0%E5%9C%BA%E7%89%88%EF%BC%89%20-%20%E8%AE%B8%E5%B7%8D.mp3 HTTP/1.1" 200 -
[proxy] "GET /music/%E8%B5%B7%E9%A3%8E%E4%BA%86%20-%20%E4%B9%B0%E8%BE%A3%E6%A4%92%E4%B9%9F%E7%94%A8%E5%88%B8.mp3 HTTP/1.1" 200 -
[proxy] "GET /music/%E6%B5%B7%E9%98%94%E5%A4%A9%E7%A9%BA%20-%20Beyond.mp3 HTTP/1.1" 200 -
[proxy] "GET /imgs/design7.jpg HTTP/1.1" 200 -
[proxy] "GET /music/%E8%B5%B7%E9%A3%8E%E4%BA%86%20-%20%E4%B9%B0%E8%BE%A3%E6%A4%92%E4%B9%9F%E7%94%A8%E5%88%B8.mp3 HTTP/1.1" 200 -
[proxy] "GET /music/%E6%B5%B7%E9%98%94%E5%A4%A9%E7%A9%BA%20-%20Beyond.mp3 HTTP/1.1" 200 -
[proxy] "GET /music/%E5%A4%9C%E7%A9%BA%E4%B8%AD%E6%9C%80%E4%BA%AE%E7%9A%84%E6%98%9F%20-%20%E7%A7%A6%E5%B2%9A.mp3 HTTP/1.1" 304 -
[proxy] "GET /music/%E8%B5%B7%E9%A3%8E%E4%BA%86%20-%20%E4%B9%B0%E8%BE%A3%E6%A4%92%E4%B9%9F%E7%94%A8%E5%88%B8.mp3 HTTP/1.1" 304 -
[proxy] "GET /music/%E8%93%9D%E8%8E%B2%E8%8A%B1%EF%BC%88%E7%8E%B0%E5%9C%BA%E7%89%88%EF%BC%89%20-%20%E8%AE%B8%E5%B7%8D.mp3 HTTP/1.1" 304 -
[proxy] "GET /music/%E4%BB%93%E5%A4%AE%E5%98%89%E6%8E%AA%E6%83%85%E6%AD%8C%20-%20%E5%89%8D%E5%86%B2.mp3 HTTP/1.1" 304 -
[proxy] "GET /music/%E6%B5%B7%E9%98%94%E5%A4%A9%E7%A9%BA%20-%20Beyond.mp3 HTTP/1.1" 304 -
[proxy] "GET /music/%E5%8D%97%E5%B1%B1%E5%8D%97%20-%20%E9%A9%AC%E9%A0%94.mp3 HTTP/1.1" 304 -
[proxy] "GET /music/%E6%99%B4%E5%A4%A9%20-%20%E5%91%A8%E6%9D%B0%E4%BC%A6.mp3 HTTP/1.1" 304 -
[proxy] "GET / HTTP/1.1" 304 -
[proxy] "GET /imgs/bg1.jpg HTTP/1.1" 304 -
[proxy] "GET /imgs/bg2.jpg HTTP/1.1" 304 -
[proxy] "GET /imgs/bg3.jpg HTTP/1.1" 304 -
[proxy] "GET /imgs/bg4.jpg HTTP/1.1" 304 -
[proxy] "GET /imgs/design1.jpg HTTP/1.1" 304 -
[proxy] "GET /imgs/design2.jpg HTTP/1.1" 304 -
[proxy] "GET /imgs/design3.jpg HTTP/1.1" 304 -
[proxy] "GET /imgs/design4.jpg HTTP/1.1" 304 -
[proxy] "GET /imgs/design5.jpg HTTP/1.1" 304 -
[proxy] "GET /imgs/design6.jpg HTTP/1.1" 304 -
[proxy] "GET /imgs/design7.jpg HTTP/1.1" 304 -
[proxy] "GET /music/%E8%B5%B7%E9%A3%8E%E4%BA%86%20-%20%E4%B9%B0%E8%BE%A3%E6%A4%92%E4%B9%9F%E7%94%A8%E5%88%B8.mp3 HTTP/1.1" 304 -
[proxy] "GET /music/%E8%93%9D%E8%8E%B2%E8%8A%B1%EF%BC%88%E7%8E%B0%E5%9C%BA%E7%89%88%EF%BC%89%20-%20%E8%AE%B8%E5%B7%8D.mp3 HTTP/1.1" 304 -
[proxy] "GET /music/%E4%BB%93%E5%A4%AE%E5%98%89%E6%8E%AA%E6%83%85%E6%AD%8C%20-%20%E5%89%8D%E5%86%B2.mp3 HTTP/1.1" 304 -
[proxy] "GET /music/%E6%B5%B7%E9%98%94%E5%A4%A9%E7%A9%BA%20-%20Beyond.mp3 HTTP/1.1" 304 -
